<?xml version="1.0" encoding="UTF-8"?>
<!-- Generated by org.testng.reporters.JUnitReportReporter -->
<testsuite hostname="LAPTOP-5TIT49CS" failures="0" tests="1" name="com.Hrms.tests.TestPIMPage" time="0.015" errors="0" timestamp="2024-10-24T11:02:22 IST" skipped="0">
  <testcase classname="com.Hrms.tests.TestPIMPage" name="viewEmployeeList" time="0.015"/>
  <system-out/>
</testsuite> <!-- com.Hrms.tests.TestPIMPage -->
